Using pre-set license
Built from '2020.3/staging' branch; Version is '2020.3.9f1 (108be757e447) revision 1084391'; Using compiler version '192528614'; Build Type 'Release'
OS: 'Windows 10 Pro; OS build 19045.2130; Version 2009; 64bit' Language: 'en' Physical Memory: 32694 MB
BatchMode: 1, IsHumanControllingUs: 0, StartBugReporterOnCrash: 0, Is64bit: 1, IsPro: 0

 COMMAND LINE ARGUMENTS:
C:\Program Files\Unity\2020.3.9f1\Editor\Unity.exe
-adb2
-batchMode
-noUpm
-name
AssetImportWorker0
-projectPath
D:/Unity/Games/Visual Novel
-logFile
Logs/AssetImportWorker0.log
-srvPort
54814
Successfully changed project path to: D:/Unity/Games/Visual Novel
D:/Unity/Games/Visual Novel
Using Asset Import Pipeline V2.
Refreshing native plugins compatible for Editor in 40.54 ms, found 1 plugins.
Preloading 0 native plugins for Editor in 0.00 ms.
Initialize engine version: 2020.3.9f1 (108be757e447)
[Subsystems] Discovering subsystems at path C:/Program Files/Unity/2020.3.9f1/Editor/Data/Resources/UnitySubsystems
[Subsystems] Discovering subsystems at path D:/Unity/Games/Visual Novel/Assets
GfxDevice: creating device client; threaded=0
Direct3D:
    Version:  Direct3D 11.0 [level 11.1]
    Renderer: NVIDIA GeForce RTX 3060 Ti (ID=0x2486)
    Vendor:   
    VRAM:     8038 MB
    Driver:   31.0.15.2647
Initialize mono
Mono path[0] = 'C:/Program Files/Unity/2020.3.9f1/Editor/Data/Managed'
Mono path[1] = 'C:/Program Files/Unity/2020.3.9f1/Editor/Data/MonoBleedingEdge/lib/mono/unityjit'
Mono config path = 'C:/Program Files/Unity/2020.3.9f1/Editor/Data/MonoBleedingEdge/etc'
Using monoOptions --debugger-agent=transport=dt_socket,embedding=1,server=y,suspend=n,address=127.0.0.1:56848
Begin MonoManager ReloadAssembly
Registering precompiled unity dll's ...
Register platform support module: C:/Program Files/Unity/2020.3.9f1/Editor/Data/PlaybackEngines/WebGLSupport/UnityEditor.WebGL.Extensions.dll
Register platform support module: C:/Program Files/Unity/2020.3.9f1/Editor/Data/PlaybackEngines/MacStandaloneSupport/UnityEditor.OSXStandalone.Extensions.dll
Register platform support module: C:/Program Files/Unity/2020.3.9f1/Editor/Data/PlaybackEngines/WindowsStandaloneSupport/UnityEditor.WindowsStandalone.Extensions.dll
Registered in 0.003521 seconds.
Native extension for WindowsStandalone target not found
Native extension for OSXStandalone target not found
Native extension for WebGL target not found
Refreshing native plugins compatible for Editor in 40.06 ms, found 1 plugins.
Preloading 0 native plugins for Editor in 0.00 ms.
Mono: successfully reloaded assembly
- Completed reload, in  1.161 seconds
Platform modules already initialized, skipping
Registering precompiled user dll's ...
Registered in 0.001893 seconds.
Begin MonoManager ReloadAssembly
Native extension for WindowsStandalone target not found
Native extension for OSXStandalone target not found
Native extension for WebGL target not found
Refreshing native plugins compatible for Editor in 40.54 ms, found 1 plugins.
Preloading 0 native plugins for Editor in 0.00 ms.
Mono: successfully reloaded assembly
- Completed reload, in  0.840 seconds
Platform modules already initialized, skipping
========================================================================
Worker process is ready to serve import requests
Launched and connected shader compiler UnityShaderCompiler.exe after 0.06 seconds
Refreshing native plugins compatible for Editor in 0.87 ms, found 1 plugins.
Preloading 0 native plugins for Editor in 0.00 ms.
Unloading 2556 Unused Serialized files (Serialized files now loaded: 0)
System memory in use before: 107.4 MB.
System memory in use after: 107.4 MB.

Unloading 24 unused Assets to reduce memory usage. Loaded Objects now: 2999.
Total: 2.531400 ms (FindLiveObjects: 0.308400 ms CreateObjectMapping: 0.127900 ms MarkObjects: 1.945000 ms  DeleteObjects: 0.149000 ms)

========================================================================
Received Import Request.
  path: Assets/FungusExamples/Sherlock/Portraits/Sherlock/suspicious.png
  artifactKey: Guid(6d5c34a95aa09ce4a9be9f7258a02c0d) Importer(815301076,1909f56bfc062723c751e8b465ee728b)
Start importing Assets/FungusExamples/Sherlock/Portraits/Sherlock/suspicious.png using Guid(6d5c34a95aa09ce4a9be9f7258a02c0d) Importer(815301076,1909f56bfc062723c751e8b465ee728b)  -> (artifact id: '631fa997197248fbc5aa0d962adf310a') in 0.195554 seconds
  Import took 0.200578 seconds .

========================================================================
Received Import Request.
  Time since last request: 0.000166 seconds.
  path: Assets/FungusExamples/Sherlock/Portraits/Sherlock/texting.png
  artifactKey: Guid(d2c8a5a70bd6f11468f4d8ea151dec90) Importer(815301076,1909f56bfc062723c751e8b465ee728b)
Start importing Assets/FungusExamples/Sherlock/Portraits/Sherlock/texting.png using Guid(d2c8a5a70bd6f11468f4d8ea151dec90) Importer(815301076,1909f56bfc062723c751e8b465ee728b)  -> (artifact id: 'a00ff00e26587155247110d211f76ddf') in 0.017957 seconds
  Import took 0.022568 seconds .

========================================================================
Received Import Request.
  Time since last request: 0.000255 seconds.
  path: Assets/FungusExamples/Sherlock/Portraits/Sherlock/surprised.png
  artifactKey: Guid(4cfc408caecceeb45989d991a2dccb3c) Importer(815301076,1909f56bfc062723c751e8b465ee728b)
Start importing Assets/FungusExamples/Sherlock/Portraits/Sherlock/surprised.png using Guid(4cfc408caecceeb45989d991a2dccb3c) Importer(815301076,1909f56bfc062723c751e8b465ee728b)  -> (artifact id: '4238309893ce7c52b1d06d4dc33d677b') in 0.019057 seconds
  Import took 0.024567 seconds .

========================================================================
Received Import Request.
  Time since last request: 0.000228 seconds.
  path: Assets/FungusExamples/Sherlock/Portraits/Sherlock/disgusted.png
  artifactKey: Guid(ed3f5dd119e6015479f898ab63bab12b) Importer(815301076,1909f56bfc062723c751e8b465ee728b)
Start importing Assets/FungusExamples/Sherlock/Portraits/Sherlock/disgusted.png using Guid(ed3f5dd119e6015479f898ab63bab12b) Importer(815301076,1909f56bfc062723c751e8b465ee728b)  -> (artifact id: '264e6836ec67f5bd13aafc09f491b892') in 0.016583 seconds
  Import took 0.021507 seconds .

========================================================================
Received Import Request.
  Time since last request: 0.000157 seconds.
  path: Assets/FungusExamples/Sherlock/Portraits/Sherlock/laughing.png
  artifactKey: Guid(5426a8c5c16e04d439b48a522267b236) Importer(815301076,1909f56bfc062723c751e8b465ee728b)
Start importing Assets/FungusExamples/Sherlock/Portraits/Sherlock/laughing.png using Guid(5426a8c5c16e04d439b48a522267b236) Importer(815301076,1909f56bfc062723c751e8b465ee728b)  -> (artifact id: 'a19d9ae0373caa0c748ca669e22f9024') in 0.020577 seconds
  Import took 0.025123 seconds .

========================================================================
Received Import Request.
  Time since last request: 0.000180 seconds.
  path: Assets/FungusExamples/Sherlock/Portraits/Sherlock/ill.png
  artifactKey: Guid(779f8bb1130ec974aa263a5e91518085) Importer(815301076,1909f56bfc062723c751e8b465ee728b)
Start importing Assets/FungusExamples/Sherlock/Portraits/Sherlock/ill.png using Guid(779f8bb1130ec974aa263a5e91518085) Importer(815301076,1909f56bfc062723c751e8b465ee728b)  -> (artifact id: '70542c7593ef817f0a97fff0ce5241b9') in 0.019739 seconds
  Import took 0.023947 seconds .

========================================================================
Received Import Request.
  Time since last request: 0.000128 seconds.
  path: Assets/FungusExamples/Sherlock/Portraits/Sherlock/pleased.png
  artifactKey: Guid(a3710c5af5b436a46b8d0ff4235d1dfe) Importer(815301076,1909f56bfc062723c751e8b465ee728b)
Start importing Assets/FungusExamples/Sherlock/Portraits/Sherlock/pleased.png using Guid(a3710c5af5b436a46b8d0ff4235d1dfe) Importer(815301076,1909f56bfc062723c751e8b465ee728b)  -> (artifact id: '1f472b530eb9f90a19f440222662b3a5') in 0.014933 seconds
  Import took 0.018915 seconds .

========================================================================
Received Import Request.
  Time since last request: 0.000184 seconds.
  path: Assets/FungusExamples/Sherlock/Portraits/Sherlock/calling-neutral.png
  artifactKey: Guid(0815f9b817b27b7499559c635a844bf0) Importer(815301076,1909f56bfc062723c751e8b465ee728b)
Start importing Assets/FungusExamples/Sherlock/Portraits/Sherlock/calling-neutral.png using Guid(0815f9b817b27b7499559c635a844bf0) Importer(815301076,1909f56bfc062723c751e8b465ee728b)  -> (artifact id: '6b11c0d444d940f63663865d500a4cef') in 0.016591 seconds
  Import took 0.020553 seconds .

========================================================================
Received Import Request.
  Time since last request: 0.000143 seconds.
  path: Assets/FungusExamples/Sherlock/Portraits/Sherlock/shocked.png
  artifactKey: Guid(f233fc32ad198a44880e410c5577da9c) Importer(815301076,1909f56bfc062723c751e8b465ee728b)
Start importing Assets/FungusExamples/Sherlock/Portraits/Sherlock/shocked.png using Guid(f233fc32ad198a44880e410c5577da9c) Importer(815301076,1909f56bfc062723c751e8b465ee728b)  -> (artifact id: '26cef274ae082bb7d87812104b44e175') in 0.016562 seconds
  Import took 0.021658 seconds .

========================================================================
Received Import Request.
  Time since last request: 0.000166 seconds.
  path: Assets/FungusExamples/Sherlock/Portraits/Sherlock/coughing.png
  artifactKey: Guid(03f8d661d54a3a04797d21ab54424abb) Importer(815301076,1909f56bfc062723c751e8b465ee728b)
Start importing Assets/FungusExamples/Sherlock/Portraits/Sherlock/coughing.png using Guid(03f8d661d54a3a04797d21ab54424abb) Importer(815301076,1909f56bfc062723c751e8b465ee728b)  -> (artifact id: '507e4fd07ba695246241f83ae6f82eb7') in 0.012733 seconds
  Import took 0.017048 seconds .

========================================================================
Received Import Request.
  Time since last request: 0.000123 seconds.
  path: Assets/FungusExamples/Sherlock/Portraits/Sherlock/excited.png
  artifactKey: Guid(7497fd82318972540af8666a234a9685) Importer(815301076,1909f56bfc062723c751e8b465ee728b)
Start importing Assets/FungusExamples/Sherlock/Portraits/Sherlock/excited.png using Guid(7497fd82318972540af8666a234a9685) Importer(815301076,1909f56bfc062723c751e8b465ee728b)  -> (artifact id: '59b870cf6a401dd36937837516084380') in 0.012240 seconds
  Import took 0.015724 seconds .

========================================================================
Received Import Request.
  Time since last request: 0.000120 seconds.
  path: Assets/FungusExamples/Sherlock/Portraits/Sherlock/explaining.png
  artifactKey: Guid(5ba6e5e5e65bc084ba912d2d2d8718df) Importer(815301076,1909f56bfc062723c751e8b465ee728b)
Start importing Assets/FungusExamples/Sherlock/Portraits/Sherlock/explaining.png using Guid(5ba6e5e5e65bc084ba912d2d2d8718df) Importer(815301076,1909f56bfc062723c751e8b465ee728b)  -> (artifact id: 'bb66d2c5615bf45e3b814e68e869f919') in 0.014701 seconds
  Import took 0.020348 seconds .

========================================================================
Received Import Request.
  Time since last request: 0.000250 seconds.
  path: Assets/FungusExamples/Sherlock/Portraits/Sherlock/sherlock_neutral.png
  artifactKey: Guid(cec88ab3171afc54b92db075974123ea) Importer(815301076,1909f56bfc062723c751e8b465ee728b)
Start importing Assets/FungusExamples/Sherlock/Portraits/Sherlock/sherlock_neutral.png using Guid(cec88ab3171afc54b92db075974123ea) Importer(815301076,1909f56bfc062723c751e8b465ee728b)  -> (artifact id: '594a274c449b0bc7cf839864ab4c040c') in 0.019581 seconds
  Import took 0.038530 seconds .

========================================================================
Received Import Request.
  Time since last request: 0.000136 seconds.
  path: Assets/FungusExamples/Sherlock/Portraits/Sherlock/thinking.png
  artifactKey: Guid(e7a0368af3f28b1438c458df61e691c1) Importer(815301076,1909f56bfc062723c751e8b465ee728b)
Start importing Assets/FungusExamples/Sherlock/Portraits/Sherlock/thinking.png using Guid(e7a0368af3f28b1438c458df61e691c1) Importer(815301076,1909f56bfc062723c751e8b465ee728b)  -> (artifact id: '5636d4f830638e54c3cc40d2416f1ed5') in 0.013161 seconds
  Import took 0.016311 seconds .

========================================================================
Received Import Request.
  Time since last request: 0.000140 seconds.
  path: Assets/FungusExamples/Sherlock/Portraits
  artifactKey: Guid(e75d2824582e33f49b9d53af12dc070c) Importer(815301076,1909f56bfc062723c751e8b465ee728b)
Start importing Assets/FungusExamples/Sherlock/Portraits using Guid(e75d2824582e33f49b9d53af12dc070c) Importer(815301076,1909f56bfc062723c751e8b465ee728b)  -> (artifact id: '2a59176c85e2f2e62059bfc97b6eb56d') in 0.021386 seconds
  Import took 0.025430 seconds .

========================================================================
Received Import Request.
  Time since last request: 0.000240 seconds.
  path: Assets/FungusExamples/Sherlock/Portraits/Sherlock/neutral.png
  artifactKey: Guid(c27113fd8a09c7c45a856e5d3c843c11) Importer(815301076,1909f56bfc062723c751e8b465ee728b)
Start importing Assets/FungusExamples/Sherlock/Portraits/Sherlock/neutral.png using Guid(c27113fd8a09c7c45a856e5d3c843c11) Importer(815301076,1909f56bfc062723c751e8b465ee728b)  -> (artifact id: '1a62afc7c6c1b311129466e8577001b3') in 0.010842 seconds
  Import took 0.015614 seconds .

========================================================================
Received Import Request.
  Time since last request: 0.000198 seconds.
  path: Assets/FungusExamples/Sherlock/Portraits/Sherlock/neutral2.png
  artifactKey: Guid(67bc1238f72c52b49bd0ad82c79756ac) Importer(815301076,1909f56bfc062723c751e8b465ee728b)
Start importing Assets/FungusExamples/Sherlock/Portraits/Sherlock/neutral2.png using Guid(67bc1238f72c52b49bd0ad82c79756ac) Importer(815301076,1909f56bfc062723c751e8b465ee728b)  -> (artifact id: 'b21db48a32b1e68d540ac4838761ec9d') in 0.016053 seconds
  Import took 0.020532 seconds .

========================================================================
Received Import Request.
  Time since last request: 0.000135 seconds.
  path: Assets/FungusExamples/Sherlock/Portraits/Sherlock/annoyed.png
  artifactKey: Guid(65cda1e3dd1ec8c4bb828adc5bb06c7d) Importer(815301076,1909f56bfc062723c751e8b465ee728b)
Start importing Assets/FungusExamples/Sherlock/Portraits/Sherlock/annoyed.png using Guid(65cda1e3dd1ec8c4bb828adc5bb06c7d) Importer(815301076,1909f56bfc062723c751e8b465ee728b)  -> (artifact id: '48e1498e91202b400651c65e50c7aa02') in 0.012893 seconds
  Import took 0.017120 seconds .

========================================================================
Received Import Request.
  Time since last request: 0.000137 seconds.
  path: Assets/FungusExamples/Sherlock/Portraits/Sherlock/tired.png
  artifactKey: Guid(bd1b1199c415fc642ae13055981f42aa) Importer(815301076,1909f56bfc062723c751e8b465ee728b)
Start importing Assets/FungusExamples/Sherlock/Portraits/Sherlock/tired.png using Guid(bd1b1199c415fc642ae13055981f42aa) Importer(815301076,1909f56bfc062723c751e8b465ee728b)  -> (artifact id: '8d6a183845bd7e89122c6771d976afef') in 0.011668 seconds
  Import took 0.015645 seconds .

========================================================================
Received Import Request.
  Time since last request: 0.000246 seconds.
  path: Assets/FungusExamples/Sherlock/Portraits/Sherlock/regretful.png
  artifactKey: Guid(36652428f3b9f6d41840d56c65aa0d64) Importer(815301076,1909f56bfc062723c751e8b465ee728b)
Start importing Assets/FungusExamples/Sherlock/Portraits/Sherlock/regretful.png using Guid(36652428f3b9f6d41840d56c65aa0d64) Importer(815301076,1909f56bfc062723c751e8b465ee728b)  -> (artifact id: '8d621fdae01a6b9bedeaf39367fe062e') in 0.013430 seconds
  Import took 0.040965 seconds .

========================================================================
Received Import Request.
  Time since last request: 0.000149 seconds.
  path: Assets/FungusExamples/Sherlock/Portraits/Sherlock/happy.png
  artifactKey: Guid(96ca91f43a9c1f74b970b59f46047e74) Importer(815301076,1909f56bfc062723c751e8b465ee728b)
Start importing Assets/FungusExamples/Sherlock/Portraits/Sherlock/happy.png using Guid(96ca91f43a9c1f74b970b59f46047e74) Importer(815301076,1909f56bfc062723c751e8b465ee728b)  -> (artifact id: '4e5416d1d5e595a0c634716ab9b14cb1') in 0.011644 seconds
  Import took 0.015063 seconds .

========================================================================
Received Import Request.
  Time since last request: 0.000119 seconds.
  path: Assets/FungusExamples/Sherlock/Portraits/Sherlock/sad.png
  artifactKey: Guid(6384dc397ea803d4abf0d1de10afb1c1) Importer(815301076,1909f56bfc062723c751e8b465ee728b)
Start importing Assets/FungusExamples/Sherlock/Portraits/Sherlock/sad.png using Guid(6384dc397ea803d4abf0d1de10afb1c1) Importer(815301076,1909f56bfc062723c751e8b465ee728b)  -> (artifact id: '6232c411fc5b05d4cfa59c61b8427e2d') in 0.011688 seconds
  Import took 0.016675 seconds .

========================================================================
Received Import Request.
  Time since last request: 0.000204 seconds.
  path: Assets/FungusExamples/Sherlock/Portraits/Sherlock/bored.png
  artifactKey: Guid(84cdbfde1b7d4c24ab7071894480d5db) Importer(815301076,1909f56bfc062723c751e8b465ee728b)
Start importing Assets/FungusExamples/Sherlock/Portraits/Sherlock/bored.png using Guid(84cdbfde1b7d4c24ab7071894480d5db) Importer(815301076,1909f56bfc062723c751e8b465ee728b)  -> (artifact id: 'f3e39004a8b169eb9ba9adb1d59d0039') in 0.014970 seconds
  Import took 0.019797 seconds .

========================================================================
Received Import Request.
  Time since last request: 0.000106 seconds.
  path: Assets/FungusExamples/Sherlock/Portraits/Sherlock/angry.png
  artifactKey: Guid(8f5b5b110e73a414eb229eeead86200f) Importer(815301076,1909f56bfc062723c751e8b465ee728b)
Start importing Assets/FungusExamples/Sherlock/Portraits/Sherlock/angry.png using Guid(8f5b5b110e73a414eb229eeead86200f) Importer(815301076,1909f56bfc062723c751e8b465ee728b)  -> (artifact id: '73617fccb1a47d62ec053b6dfc3734f5') in 0.012943 seconds
  Import took 0.017103 seconds .

========================================================================
Received Import Request.
  Time since last request: 0.000190 seconds.
  path: Assets/FungusExamples/Sherlock/Portraits/Sherlock/smirk.png
  artifactKey: Guid(58f5b79d262f6814bb4ebb44e29efe90) Importer(815301076,1909f56bfc062723c751e8b465ee728b)
Start importing Assets/FungusExamples/Sherlock/Portraits/Sherlock/smirk.png using Guid(58f5b79d262f6814bb4ebb44e29efe90) Importer(815301076,1909f56bfc062723c751e8b465ee728b)  -> (artifact id: 'da4e1ee443641dfb99d7bef902466897') in 0.013968 seconds
  Import took 0.018593 seconds .

========================================================================
Received Import Request.
  Time since last request: 0.000145 seconds.
  path: Assets/FungusExamples/Sherlock/Portraits/Sherlock/sorry.png
  artifactKey: Guid(97171eca7b577c5438e9516b956c042a) Importer(815301076,1909f56bfc062723c751e8b465ee728b)
Start importing Assets/FungusExamples/Sherlock/Portraits/Sherlock/sorry.png using Guid(97171eca7b577c5438e9516b956c042a) Importer(815301076,1909f56bfc062723c751e8b465ee728b)  -> (artifact id: '4aebeb627c5b6140172218ac5b3d2ca2') in 0.013754 seconds
  Import took 0.018672 seconds .

========================================================================
Received Import Request.
  Time since last request: 0.000143 seconds.
  path: Assets/FungusExamples/Sherlock/Portraits/Sherlock/sarcastic.png
  artifactKey: Guid(ed8fca01dcf5bfc4f86bc063889a5013) Importer(815301076,1909f56bfc062723c751e8b465ee728b)
Start importing Assets/FungusExamples/Sherlock/Portraits/Sherlock/sarcastic.png using Guid(ed8fca01dcf5bfc4f86bc063889a5013) Importer(815301076,1909f56bfc062723c751e8b465ee728b)  -> (artifact id: '3d74d173c314fdc91569647797fbb85c') in 0.015142 seconds
  Import took 0.018652 seconds .

========================================================================
Received Import Request.
  Time since last request: 0.000131 seconds.
  path: Assets/FungusExamples/Sherlock/Portraits/Sherlock/eyeroll.png
  artifactKey: Guid(b9482ea03e69b5a4aa5e7827da354549) Importer(815301076,1909f56bfc062723c751e8b465ee728b)
Start importing Assets/FungusExamples/Sherlock/Portraits/Sherlock/eyeroll.png using Guid(b9482ea03e69b5a4aa5e7827da354549) Importer(815301076,1909f56bfc062723c751e8b465ee728b)  -> (artifact id: '47d757dce6a7427d94db04b3e97c66ef') in 0.011614 seconds
  Import took 0.014873 seconds .

========================================================================
Received Import Request.
  Time since last request: 0.000155 seconds.
  path: Assets/FungusExamples/Sherlock/Portraits/Sherlock/confident.png
  artifactKey: Guid(75b6e7c8c9b6b4d40ae30dc671be34b7) Importer(815301076,1909f56bfc062723c751e8b465ee728b)
Start importing Assets/FungusExamples/Sherlock/Portraits/Sherlock/confident.png using Guid(75b6e7c8c9b6b4d40ae30dc671be34b7) Importer(815301076,1909f56bfc062723c751e8b465ee728b)  -> (artifact id: '08dea75ccc02f2662038b2c5000fa477') in 0.011652 seconds
  Import took 0.014580 seconds .

========================================================================
Received Import Request.
  Time since last request: 0.000129 seconds.
  path: Assets/FungusExamples/Sherlock/Portraits/Sherlock/deduction.png
  artifactKey: Guid(529a0cc84e8173a4d8f60e222d904cdb) Importer(815301076,1909f56bfc062723c751e8b465ee728b)
Start importing Assets/FungusExamples/Sherlock/Portraits/Sherlock/deduction.png using Guid(529a0cc84e8173a4d8f60e222d904cdb) Importer(815301076,1909f56bfc062723c751e8b465ee728b)  -> (artifact id: '071f2a471dfc6591bc7543d74728a542') in 0.016175 seconds
  Import took 0.019983 seconds .

========================================================================
Received Import Request.
  Time since last request: 0.000132 seconds.
  path: Assets/FungusExamples/Sherlock/Portraits/Sherlock/scared.png
  artifactKey: Guid(448053637e8df7a42824234afeafa291) Importer(815301076,1909f56bfc062723c751e8b465ee728b)
Start importing Assets/FungusExamples/Sherlock/Portraits/Sherlock/scared.png using Guid(448053637e8df7a42824234afeafa291) Importer(815301076,1909f56bfc062723c751e8b465ee728b)  -> (artifact id: 'bfc22df22ee476520de4bab879d5a6df') in 0.014965 seconds
  Import took 0.018905 seconds .

========================================================================
Received Import Request.
  Time since last request: 0.000160 seconds.
  path: Assets/FungusExamples/Sherlock/Portraits/Sherlock/concentrating.png
  artifactKey: Guid(bca405818493a4f4a8fb63a69294d19a) Importer(815301076,1909f56bfc062723c751e8b465ee728b)
Start importing Assets/FungusExamples/Sherlock/Portraits/Sherlock/concentrating.png using Guid(bca405818493a4f4a8fb63a69294d19a) Importer(815301076,1909f56bfc062723c751e8b465ee728b)  -> (artifact id: '097df73b5d3b699674fc842434de3d00') in 0.014851 seconds
  Import took 0.018990 seconds .

========================================================================
Received Import Request.
  Time since last request: 0.000260 seconds.
  path: Assets/FungusExamples/Sherlock/Portraits/Sherlock/triumphant.png
  artifactKey: Guid(3fd077b79b3018945961e206b6435268) Importer(815301076,1909f56bfc062723c751e8b465ee728b)
Start importing Assets/FungusExamples/Sherlock/Portraits/Sherlock/triumphant.png using Guid(3fd077b79b3018945961e206b6435268) Importer(815301076,1909f56bfc062723c751e8b465ee728b)  -> (artifact id: '51049cbffd6d9d4239d9c914cf1ea0d2') in 0.012736 seconds
  Import took 0.017000 seconds .

========================================================================
Received Import Request.
  Time since last request: 0.000149 seconds.
  path: Assets/FungusExamples/Sherlock/Portraits/Sherlock/scared.png
  artifactKey: Guid(448053637e8df7a42824234afeafa291) Importer(815301076,1909f56bfc062723c751e8b465ee728b)
Start importing Assets/FungusExamples/Sherlock/Portraits/Sherlock/scared.png using Guid(448053637e8df7a42824234afeafa291) Importer(815301076,1909f56bfc062723c751e8b465ee728b)  -> (artifact id: 'bfc22df22ee476520de4bab879d5a6df') in 0.011162 seconds
  Import took 0.015381 seconds .

========================================================================
Received Import Request.
  Time since last request: 0.000186 seconds.
  path: Assets/FungusExamples/Sherlock/Portraits/Sherlock/serious.png
  artifactKey: Guid(7add35a7d20a5ee41b0bfde9052ddfd6) Importer(815301076,1909f56bfc062723c751e8b465ee728b)
Start importing Assets/FungusExamples/Sherlock/Portraits/Sherlock/serious.png using Guid(7add35a7d20a5ee41b0bfde9052ddfd6) Importer(815301076,1909f56bfc062723c751e8b465ee728b)  -> (artifact id: '54c10fbcdc28a9b1de576738ea0cbf43') in 0.013066 seconds
  Import took 0.017662 seconds .

========================================================================
Received Import Request.
  Time since last request: 778.000038 seconds.
  path: Assets/FungusExamples/Sherlock/Portraits/Sherlock/annoyed.png
  artifactKey: Guid(65cda1e3dd1ec8c4bb828adc5bb06c7d) Importer(815301076,1909f56bfc062723c751e8b465ee728b)
Start importing Assets/FungusExamples/Sherlock/Portraits/Sherlock/annoyed.png using Guid(65cda1e3dd1ec8c4bb828adc5bb06c7d) Importer(815301076,1909f56bfc062723c751e8b465ee728b)  -> (artifact id: '130f61c405ab245126ec15aacde1e3cb') in 0.016264 seconds
  Import took 0.021904 seconds .

========================================================================
Received Import Request.
  Time since last request: 1.285060 seconds.
  path: Assets/FungusExamples/Sherlock/Portraits/Sherlock/annoyed.png
  artifactKey: Guid(65cda1e3dd1ec8c4bb828adc5bb06c7d) Importer(815301076,1909f56bfc062723c751e8b465ee728b)
Start importing Assets/FungusExamples/Sherlock/Portraits/Sherlock/annoyed.png using Guid(65cda1e3dd1ec8c4bb828adc5bb06c7d) Importer(815301076,1909f56bfc062723c751e8b465ee728b)  -> (artifact id: '130f61c405ab245126ec15aacde1e3cb') in 0.011447 seconds
  Import took 0.015575 seconds .

========================================================================
Received Import Request.
  Time since last request: 80.562745 seconds.
  path: Assets/FungusExamples/Sherlock/Portraits/Sherlock/annoyed.png
  artifactKey: Guid(65cda1e3dd1ec8c4bb828adc5bb06c7d) Importer(815301076,1909f56bfc062723c751e8b465ee728b)
Start importing Assets/FungusExamples/Sherlock/Portraits/Sherlock/annoyed.png using Guid(65cda1e3dd1ec8c4bb828adc5bb06c7d) Importer(815301076,1909f56bfc062723c751e8b465ee728b)  -> (artifact id: '42c104d10a734530a0908fac606ecf46') in 0.036115 seconds
  Import took 0.041458 seconds .

========================================================================
Received Prepare
Registering precompiled user dll's ...
Registered in 0.000991 seconds.
Begin MonoManager ReloadAssembly
Native extension for WindowsStandalone target not found
Native extension for OSXStandalone target not found
Native extension for WebGL target not found
Refreshing native plugins compatible for Editor in 1.22 ms, found 1 plugins.
Preloading 0 native plugins for Editor in 0.00 ms.
Mono: successfully reloaded assembly
- Completed reload, in  0.620 seconds
Platform modules already initialized, skipping
Refreshing native plugins compatible for Editor in 0.45 ms, found 1 plugins.
Preloading 0 native plugins for Editor in 0.00 ms.
Unloading 2540 Unused Serialized files (Serialized files now loaded: 0)
System memory in use before: 109.3 MB.
System memory in use after: 109.4 MB.

Unloading 12 unused Assets to reduce memory usage. Loaded Objects now: 3013.
Total: 1.999900 ms (FindLiveObjects: 0.236400 ms CreateObjectMapping: 0.088800 ms MarkObjects: 1.589500 ms  DeleteObjects: 0.084700 ms)

========================================================================
Received Prepare
Registering precompiled user dll's ...
Registered in 0.001055 seconds.
Begin MonoManager ReloadAssembly
Native extension for WindowsStandalone target not found
Native extension for OSXStandalone target not found
Native extension for WebGL target not found
Refreshing native plugins compatible for Editor in 0.56 ms, found 1 plugins.
Preloading 0 native plugins for Editor in 0.00 ms.
Mono: successfully reloaded assembly
- Completed reload, in  0.700 seconds
Platform modules already initialized, skipping
Refreshing native plugins compatible for Editor in 0.48 ms, found 1 plugins.
Preloading 0 native plugins for Editor in 0.00 ms.
Unloading 2540 Unused Serialized files (Serialized files now loaded: 0)
System memory in use before: 109.4 MB.
System memory in use after: 109.5 MB.

Unloading 12 unused Assets to reduce memory usage. Loaded Objects now: 3017.
Total: 2.019700 ms (FindLiveObjects: 0.247500 ms CreateObjectMapping: 0.105300 ms MarkObjects: 1.580900 ms  DeleteObjects: 0.085200 ms)

========================================================================
Received Import Request.
  Time since last request: 439.436304 seconds.
  path: Assets/Gifgene.gif
  artifactKey: Guid(1f0c18a7ceaa1024eb1c16d5d536b8b6) Importer(815301076,1909f56bfc062723c751e8b465ee728b)
Start importing Assets/Gifgene.gif using Guid(1f0c18a7ceaa1024eb1c16d5d536b8b6) Importer(815301076,1909f56bfc062723c751e8b465ee728b)  -> (artifact id: 'cab7614363bb16fd00a93aa35920c1a2') in 0.048870 seconds
  Import took 0.053302 seconds .

========================================================================
Received Import Request.
  Time since last request: 198.112971 seconds.
  path: Assets/Gifgene.mp4
  artifactKey: Guid(5967016df6bd9304b91530271d106979) Importer(815301076,1909f56bfc062723c751e8b465ee728b)
Start importing Assets/Gifgene.mp4 using Guid(5967016df6bd9304b91530271d106979) Importer(815301076,1909f56bfc062723c751e8b465ee728b)  -> (artifact id: '842805ad910ba118955a2bc0afcf9895') in 0.017068 seconds
  Import took 0.021348 seconds .

========================================================================
Received Prepare
Registering precompiled user dll's ...
Registered in 0.000870 seconds.
Begin MonoManager ReloadAssembly
Native extension for WindowsStandalone target not found
Native extension for OSXStandalone target not found
Native extension for WebGL target not found
Refreshing native plugins compatible for Editor in 0.55 ms, found 1 plugins.
Preloading 0 native plugins for Editor in 0.00 ms.
Mono: successfully reloaded assembly
- Completed reload, in  0.669 seconds
Platform modules already initialized, skipping
Refreshing native plugins compatible for Editor in 0.52 ms, found 1 plugins.
Preloading 0 native plugins for Editor in 0.00 ms.
Unloading 2540 Unused Serialized files (Serialized files now loaded: 0)
System memory in use before: 109.4 MB.
System memory in use after: 109.5 MB.

Unloading 12 unused Assets to reduce memory usage. Loaded Objects now: 3022.
Total: 2.016300 ms (FindLiveObjects: 0.241600 ms CreateObjectMapping: 0.092300 ms MarkObjects: 1.596400 ms  DeleteObjects: 0.085100 ms)

========================================================================
Received Import Request.
  Time since last request: 4772.247106 seconds.
  path: Packages/com.unity.2d.spriteshape/Editor/ObjectMenuCreation/DefaultAssets/Sprite Shapes/SpriteShapeEdge.png
  artifactKey: Guid(0ae2b74b1edd14bb18dd7b65ae916a54) Importer(815301076,1909f56bfc062723c751e8b465ee728b)
Start importing Packages/com.unity.2d.spriteshape/Editor/ObjectMenuCreation/DefaultAssets/Sprite Shapes/SpriteShapeEdge.png using Guid(0ae2b74b1edd14bb18dd7b65ae916a54) Importer(815301076,1909f56bfc062723c751e8b465ee728b)  -> (artifact id: '6202c66ff38e5f25c9d44d1a44e08273') in 0.060242 seconds
  Import took 0.065156 seconds .

========================================================================
Received Import Request.
  Time since last request: 0.000135 seconds.
  path: Packages/com.unity.2d.spriteshape/Editor/Handles/ss_playhead.png
  artifactKey: Guid(9ea72647c24be493ba6f15a9cd2a24ae) Importer(815301076,1909f56bfc062723c751e8b465ee728b)
Start importing Packages/com.unity.2d.spriteshape/Editor/Handles/ss_playhead.png using Guid(9ea72647c24be493ba6f15a9cd2a24ae) Importer(815301076,1909f56bfc062723c751e8b465ee728b)  -> (artifact id: '7b0430d863f4c83da1b3e407740ebf8b') in 0.014077 seconds
  Import took 0.017386 seconds .

========================================================================
Received Import Request.
  Time since last request: 0.000140 seconds.
  path: Assets/FungusExamples/Playground/Sprites/Square.png
  artifactKey: Guid(3cb7c35a750699348a04840d1ae1be5e) Importer(815301076,1909f56bfc062723c751e8b465ee728b)
Start importing Assets/FungusExamples/Playground/Sprites/Square.png using Guid(3cb7c35a750699348a04840d1ae1be5e) Importer(815301076,1909f56bfc062723c751e8b465ee728b)  -> (artifact id: '72b870501fb34be177058b7ae9eacd88') in 0.008895 seconds
  Import took 0.012123 seconds .

========================================================================
Received Import Request.
  Time since last request: 0.000151 seconds.
  path: Packages/com.unity.2d.sprite/Editor/ObjectMenuCreation/DefaultAssets/Textures/Square.png
  artifactKey: Guid(48e93eef0688c4a259cb0eddcd8661f7) Importer(815301076,1909f56bfc062723c751e8b465ee728b)
Start importing Packages/com.unity.2d.sprite/Editor/ObjectMenuCreation/DefaultAssets/Textures/Square.png using Guid(48e93eef0688c4a259cb0eddcd8661f7) Importer(815301076,1909f56bfc062723c751e8b465ee728b)  -> (artifact id: '5935d489dca5a8ee2f1d073495881f25') in 0.008173 seconds
  Import took 0.012231 seconds .

========================================================================
Received Import Request.
  Time since last request: 0.000205 seconds.
  path: Packages/com.unity.2d.spriteshape/Editor/ObjectMenuCreation/DefaultAssets/Sprite Shapes/SpriteShapeEdge.png
  artifactKey: Guid(0ae2b74b1edd14bb18dd7b65ae916a54) Importer(815301076,1909f56bfc062723c751e8b465ee728b)
Start importing Packages/com.unity.2d.spriteshape/Editor/ObjectMenuCreation/DefaultAssets/Sprite Shapes/SpriteShapeEdge.png using Guid(0ae2b74b1edd14bb18dd7b65ae916a54) Importer(815301076,1909f56bfc062723c751e8b465ee728b)  -> (artifact id: '6202c66ff38e5f25c9d44d1a44e08273') in 0.006095 seconds
  Import took 0.009742 seconds .

========================================================================
Received Import Request.
  Time since last request: 0.000112 seconds.
  path: Packages/com.unity.2d.sprite/Editor/ObjectMenuCreation/DefaultAssets/Textures/SquareWithBorder.png
  artifactKey: Guid(db750325989564987a34393247d883b4) Importer(815301076,1909f56bfc062723c751e8b465ee728b)
Start importing Packages/com.unity.2d.sprite/Editor/ObjectMenuCreation/DefaultAssets/Textures/SquareWithBorder.png using Guid(db750325989564987a34393247d883b4) Importer(815301076,1909f56bfc062723c751e8b465ee728b)  -> (artifact id: '896b16293315cc5f0d17a5b33f27ddbe') in 0.026638 seconds
  Import took 0.030767 seconds .

========================================================================
Received Import Request.
  Time since last request: 0.000134 seconds.
  path: Packages/com.unity.2d.spriteshape/Editor/Handles/ss_leftrange.png
  artifactKey: Guid(9417efc47083f4a1598c1966a6345cdb) Importer(815301076,1909f56bfc062723c751e8b465ee728b)
Start importing Packages/com.unity.2d.spriteshape/Editor/Handles/ss_leftrange.png using Guid(9417efc47083f4a1598c1966a6345cdb) Importer(815301076,1909f56bfc062723c751e8b465ee728b)  -> (artifact id: '6d5caee8edb06280959eeb23e78d2989') in 0.008005 seconds
  Import took 0.011272 seconds .

========================================================================
Received Import Request.
  Time since last request: 0.000131 seconds.
  path: Packages/com.unity.2d.spriteshape/Editor/Handles/ss_rightrange.png
  artifactKey: Guid(ee5df01235032491c8b180741ea820fe) Importer(815301076,1909f56bfc062723c751e8b465ee728b)
Start importing Packages/com.unity.2d.spriteshape/Editor/Handles/ss_rightrange.png using Guid(ee5df01235032491c8b180741ea820fe) Importer(815301076,1909f56bfc062723c751e8b465ee728b)  -> (artifact id: '645c3074055175f6209f5a2ddf3d5826') in 0.007211 seconds
  Import took 0.010199 seconds .

========================================================================
Received Import Request.
  Time since last request: 0.000116 seconds.
  path: Assets/FungusExamples/Sherlock/Portraits/John/sulking.png
  artifactKey: Guid(d38d394fe4d92ae4da3d41e6ff3b0385) Importer(815301076,1909f56bfc062723c751e8b465ee728b)
Start importing Assets/FungusExamples/Sherlock/Portraits/John/sulking.png using Guid(d38d394fe4d92ae4da3d41e6ff3b0385) Importer(815301076,1909f56bfc062723c751e8b465ee728b)  -> (artifact id: '4e90a9a1344024cb7d0da7bb6cc6b78c') in 0.013217 seconds
  Import took 0.016122 seconds .

========================================================================
Received Import Request.
  Time since last request: 0.000150 seconds.
  path: Assets/FungusExamples/Sherlock/Portraits/John/surprised.png
  artifactKey: Guid(267c50c3c26c7e24fa27aece06aad7cd) Importer(815301076,1909f56bfc062723c751e8b465ee728b)
Start importing Assets/FungusExamples/Sherlock/Portraits/John/surprised.png using Guid(267c50c3c26c7e24fa27aece06aad7cd) Importer(815301076,1909f56bfc062723c751e8b465ee728b)  -> (artifact id: '785b3392c19566b82d49a0bced59f9b8') in 0.011463 seconds
  Import took 0.014751 seconds .

========================================================================
Received Import Request.
  Time since last request: 0.000127 seconds.
  path: Assets/FungusExamples/Sherlock/Portraits/John/sulking.png
  artifactKey: Guid(d38d394fe4d92ae4da3d41e6ff3b0385) Importer(815301076,1909f56bfc062723c751e8b465ee728b)
Start importing Assets/FungusExamples/Sherlock/Portraits/John/sulking.png using Guid(d38d394fe4d92ae4da3d41e6ff3b0385) Importer(815301076,1909f56bfc062723c751e8b465ee728b)  -> (artifact id: '4e90a9a1344024cb7d0da7bb6cc6b78c') in 0.010553 seconds
  Import took 0.015113 seconds .

========================================================================
Received Import Request.
  Time since last request: 0.000176 seconds.
  path: Assets/FungusExamples/Sherlock/Portraits/John/surprised.png
  artifactKey: Guid(267c50c3c26c7e24fa27aece06aad7cd) Importer(815301076,1909f56bfc062723c751e8b465ee728b)
Start importing Assets/FungusExamples/Sherlock/Portraits/John/surprised.png using Guid(267c50c3c26c7e24fa27aece06aad7cd) Importer(815301076,1909f56bfc062723c751e8b465ee728b)  -> (artifact id: '785b3392c19566b82d49a0bced59f9b8') in 0.010768 seconds
  Import took 0.013988 seconds .

========================================================================
Received Import Request.
  Time since last request: 1.120837 seconds.
  path: Assets/FungusExamples/Sherlock/Portraits/John/suspicious.png
  artifactKey: Guid(59d7c816c1cfb9944b5a28dfbbfe2109) Importer(815301076,1909f56bfc062723c751e8b465ee728b)
Start importing Assets/FungusExamples/Sherlock/Portraits/John/suspicious.png using Guid(59d7c816c1cfb9944b5a28dfbbfe2109) Importer(815301076,1909f56bfc062723c751e8b465ee728b)  -> (artifact id: '1e87e43434f37481738544e717edc96c') in 0.015710 seconds
  Import took 0.020648 seconds .

========================================================================
Received Import Request.
  Time since last request: 0.069125 seconds.
  path: Assets/FungusExamples/JumpingPrax/Sprites/Switzerland.jpg
  artifactKey: Guid(4cba48f17d83f44828e13c3de6dc3aa1) Importer(815301076,1909f56bfc062723c751e8b465ee728b)
Start importing Assets/FungusExamples/JumpingPrax/Sprites/Switzerland.jpg using Guid(4cba48f17d83f44828e13c3de6dc3aa1) Importer(815301076,1909f56bfc062723c751e8b465ee728b)  -> (artifact id: '3c506e38d8e0069116ef570623ec542b') in 0.024283 seconds
  Import took 0.029383 seconds .

========================================================================
Received Import Request.
  Time since last request: 0.216840 seconds.
  path: Packages/com.unity.2d.path/Editor/Handles/TangentBroken.png
  artifactKey: Guid(b370d25fdf6f8914287e27c0c3dede6a) Importer(815301076,1909f56bfc062723c751e8b465ee728b)
Start importing Packages/com.unity.2d.path/Editor/Handles/TangentBroken.png using Guid(b370d25fdf6f8914287e27c0c3dede6a) Importer(815301076,1909f56bfc062723c751e8b465ee728b)  -> (artifact id: 'c0de4f6cc10df4f3fbc65caa7d8b4a79') in 0.024630 seconds
  Import took 0.028929 seconds .

========================================================================
Received Import Request.
  Time since last request: 0.000164 seconds.
  path: Packages/com.unity.2d.path/Editor/Handles/TangentBrokenPro.png
  artifactKey: Guid(3f0215e89d05b544d907d3a7d34fab63) Importer(815301076,1909f56bfc062723c751e8b465ee728b)
Start importing Packages/com.unity.2d.path/Editor/Handles/TangentBrokenPro.png using Guid(3f0215e89d05b544d907d3a7d34fab63) Importer(815301076,1909f56bfc062723c751e8b465ee728b)  -> (artifact id: 'f9cbd97eb98454784467bf68310fa01b') in 0.011955 seconds
  Import took 0.016251 seconds .

========================================================================
Received Import Request.
  Time since last request: 0.254291 seconds.
  path: Packages/com.unity.2d.path/Editor/Handles/TangentContinuous.png
  artifactKey: Guid(229e750703f3e824ca71ddd16a5e36be) Importer(815301076,1909f56bfc062723c751e8b465ee728b)
Start importing Packages/com.unity.2d.path/Editor/Handles/TangentContinuous.png using Guid(229e750703f3e824ca71ddd16a5e36be) Importer(815301076,1909f56bfc062723c751e8b465ee728b)  -> (artifact id: '8e6bdcf573b4ff29f274e94bef3df125') in 0.011393 seconds
  Import took 0.015774 seconds .

========================================================================
Received Import Request.
  Time since last request: 0.000172 seconds.
  path: Packages/com.unity.2d.path/Editor/Handles/TangentContinuousPro.png
  artifactKey: Guid(8d4a2ded892e27742bb6d4d263639dff) Importer(815301076,1909f56bfc062723c751e8b465ee728b)
Start importing Packages/com.unity.2d.path/Editor/Handles/TangentContinuousPro.png using Guid(8d4a2ded892e27742bb6d4d263639dff) Importer(815301076,1909f56bfc062723c751e8b465ee728b)  -> (artifact id: '2e493961002fe4cd093fd04d71c78b1e') in 0.009067 seconds
  Import took 0.012422 seconds .

========================================================================
Received Import Request.
  Time since last request: 0.044966 seconds.
  path: Packages/com.unity.2d.path/Editor/Handles/TangentLinear.png
  artifactKey: Guid(a728d9332cba5f448a36350199dc573b) Importer(815301076,1909f56bfc062723c751e8b465ee728b)
Start importing Packages/com.unity.2d.path/Editor/Handles/TangentLinear.png using Guid(a728d9332cba5f448a36350199dc573b) Importer(815301076,1909f56bfc062723c751e8b465ee728b)  -> (artifact id: '41afa21b005897d7ae27486cccf64197') in 0.010814 seconds
  Import took 0.015082 seconds .

========================================================================
Received Import Request.
  Time since last request: 0.000183 seconds.
  path: Packages/com.unity.2d.path/Editor/Handles/TangentLinearPro.png
  artifactKey: Guid(cafc16189f045f445bad6f5eb9e13541) Importer(815301076,1909f56bfc062723c751e8b465ee728b)
Start importing Packages/com.unity.2d.path/Editor/Handles/TangentLinearPro.png using Guid(cafc16189f045f445bad6f5eb9e13541) Importer(815301076,1909f56bfc062723c751e8b465ee728b)  -> (artifact id: '3ac5de0928ba1b944e76afb03a4fb3c1') in 0.008848 seconds
  Import took 0.012228 seconds .

========================================================================
Received Import Request.
  Time since last request: 0.000123 seconds.
  path: Packages/com.unity.2d.path/Editor/Handles/TangentLinear.png
  artifactKey: Guid(a728d9332cba5f448a36350199dc573b) Importer(815301076,1909f56bfc062723c751e8b465ee728b)
Start importing Packages/com.unity.2d.path/Editor/Handles/TangentLinear.png using Guid(a728d9332cba5f448a36350199dc573b) Importer(815301076,1909f56bfc062723c751e8b465ee728b)  -> (artifact id: '41afa21b005897d7ae27486cccf64197') in 0.008266 seconds
  Import took 0.011178 seconds .

========================================================================
Received Import Request.
  Time since last request: 0.000115 seconds.
  path: Packages/com.unity.2d.path/Editor/Handles/TangentLinearPro.png
  artifactKey: Guid(cafc16189f045f445bad6f5eb9e13541) Importer(815301076,1909f56bfc062723c751e8b465ee728b)
Start importing Packages/com.unity.2d.path/Editor/Handles/TangentLinearPro.png using Guid(cafc16189f045f445bad6f5eb9e13541) Importer(815301076,1909f56bfc062723c751e8b465ee728b)  -> (artifact id: '3ac5de0928ba1b944e76afb03a4fb3c1') in 0.007875 seconds
  Import took 0.010696 seconds .

========================================================================
Received Import Request.
  Time since last request: 0.000129 seconds.
  path: Assets/FungusExamples/Sherlock/Portraits/John/tired.png
  artifactKey: Guid(3f74023835f9bd34d88b85ac04062465) Importer(815301076,1909f56bfc062723c751e8b465ee728b)
Start importing Assets/FungusExamples/Sherlock/Portraits/John/tired.png using Guid(3f74023835f9bd34d88b85ac04062465) Importer(815301076,1909f56bfc062723c751e8b465ee728b)  -> (artifact id: '2582311e8f147edd16a3e54d525cbfe1') in 0.014489 seconds
  Import took 0.017957 seconds .

========================================================================
Received Import Request.
  Time since last request: 0.314434 seconds.
  path: Assets/FungusExamples/Playground/Sprites/Triangle.png
  artifactKey: Guid(946c61cb65f78df4394947a1ff1fce91) Importer(815301076,1909f56bfc062723c751e8b465ee728b)
Start importing Assets/FungusExamples/Playground/Sprites/Triangle.png using Guid(946c61cb65f78df4394947a1ff1fce91) Importer(815301076,1909f56bfc062723c751e8b465ee728b)  -> (artifact id: '526d881ac5ceb0eaa1fabe2b43fc6c9c') in 0.011834 seconds
  Import took 0.016727 seconds .

========================================================================
Received Import Request.
  Time since last request: 0.451807 seconds.
  path: Assets/FungusExamples/Sherlock/Portraits/John/triumphant.png
  artifactKey: Guid(58ba1a99d9b61514984191565c416eca) Importer(815301076,1909f56bfc062723c751e8b465ee728b)
Start importing Assets/FungusExamples/Sherlock/Portraits/John/triumphant.png using Guid(58ba1a99d9b61514984191565c416eca) Importer(815301076,1909f56bfc062723c751e8b465ee728b)  -> (artifact id: '5c008cad4f1a26af1cf36ed1a8a19406') in 0.021457 seconds
  Import took 0.026242 seconds .

========================================================================
Received Import Request.
  Time since last request: 0.000162 seconds.
  path: Assets/FungusExamples/TheFacility/Sprites/Vignette.png
  artifactKey: Guid(252b5a6bfbbc64f5184461a9150031bf) Importer(815301076,1909f56bfc062723c751e8b465ee728b)
Start importing Assets/FungusExamples/TheFacility/Sprites/Vignette.png using Guid(252b5a6bfbbc64f5184461a9150031bf) Importer(815301076,1909f56bfc062723c751e8b465ee728b)  -> (artifact id: '6633a82604c20c46f49b1141439687b6') in 0.041448 seconds
  Import took 0.045162 seconds .

========================================================================
Received Import Request.
  Time since last request: 0.000169 seconds.
  path: Assets/FungusExamples/Sherlock/Portraits/John/triumphant.png
  artifactKey: Guid(58ba1a99d9b61514984191565c416eca) Importer(815301076,1909f56bfc062723c751e8b465ee728b)
Start importing Assets/FungusExamples/Sherlock/Portraits/John/triumphant.png using Guid(58ba1a99d9b61514984191565c416eca) Importer(815301076,1909f56bfc062723c751e8b465ee728b)  -> (artifact id: '5c008cad4f1a26af1cf36ed1a8a19406') in 0.012606 seconds
  Import took 0.017777 seconds .

========================================================================
Received Import Request.
  Time since last request: 0.004974 seconds.
  path: Packages/com.unity.2d.animation/Editor/Assets/SkinningModule/Icons/Light/Visibility_Hidded.png
  artifactKey: Guid(a20f7223e2252fc4d813fc92d0f3a614) Importer(815301076,1909f56bfc062723c751e8b465ee728b)
Start importing Packages/com.unity.2d.animation/Editor/Assets/SkinningModule/Icons/Light/Visibility_Hidded.png using Guid(a20f7223e2252fc4d813fc92d0f3a614) Importer(815301076,1909f56bfc062723c751e8b465ee728b)  -> (artifact id: 'ba4d591d2ef7a6e0694721b84e0908cf') in 0.010672 seconds
  Import took 0.014020 seconds .

========================================================================
Received Import Request.
  Time since last request: 0.000151 seconds.
  path: Packages/com.unity.2d.animation/Editor/Assets/SkinningModule/Icons/Light/Visibility_Hidded@2x.png
  artifactKey: Guid(f3940f64802892746b2ec336d3b0c5f4) Importer(815301076,1909f56bfc062723c751e8b465ee728b)
Start importing Packages/com.unity.2d.animation/Editor/Assets/SkinningModule/Icons/Light/Visibility_Hidded@2x.png using Guid(f3940f64802892746b2ec336d3b0c5f4) Importer(815301076,1909f56bfc062723c751e8b465ee728b)  -> (artifact id: 'f9f3acd661dd65312d0e664378719bc1') in 0.033205 seconds
  Import took 0.036500 seconds .

========================================================================
Received Import Request.
  Time since last request: 0.000134 seconds.
  path: Packages/com.unity.2d.animation/Editor/Assets/SkinningModule/Icons/Light/Visibility_Hidded@3x.png
  artifactKey: Guid(89930da27dfbbc64ba1f3baf0ae416bb) Importer(815301076,1909f56bfc062723c751e8b465ee728b)
Start importing Packages/com.unity.2d.animation/Editor/Assets/SkinningModule/Icons/Light/Visibility_Hidded@3x.png using Guid(89930da27dfbbc64ba1f3baf0ae416bb) Importer(815301076,1909f56bfc062723c751e8b465ee728b)  -> (artifact id: '8f11e27eee5c65434a531e6a2ea76c20') in 0.025273 seconds
  Import took 0.028276 seconds .

========================================================================
Received Import Request.
  Time since last request: 0.000123 seconds.
  path: Packages/com.unity.2d.animation/Editor/Assets/SkinningModule/Icons/Light/Visibility_Hidded@4x.png
  artifactKey: Guid(f469f8253737d534ca7809ae6f0d2422) Importer(815301076,1909f56bfc062723c751e8b465ee728b)
Start importing Packages/com.unity.2d.animation/Editor/Assets/SkinningModule/Icons/Light/Visibility_Hidded@4x.png using Guid(f469f8253737d534ca7809ae6f0d2422) Importer(815301076,1909f56bfc062723c751e8b465ee728b)  -> (artifact id: '9ff1fa0f7f708085d3e1abbf64355a47') in 0.028199 seconds
  Import took 0.032022 seconds .

========================================================================
Received Import Request.
  Time since last request: 0.433029 seconds.
  path: Packages/com.unity.2d.animation/Editor/Assets/SkinningModule/Icons/Selected/Visibility_Tool.png
  artifactKey: Guid(7342ee656932e31489ea62e64e012645) Importer(815301076,1909f56bfc062723c751e8b465ee728b)
Start importing Packages/com.unity.2d.animation/Editor/Assets/SkinningModule/Icons/Selected/Visibility_Tool.png using Guid(7342ee656932e31489ea62e64e012645) Importer(815301076,1909f56bfc062723c751e8b465ee728b)  -> (artifact id: '477bf31874d05a29e2bf4ffe5bef0f0c') in 0.010019 seconds
  Import took 0.014039 seconds .

========================================================================
Received Import Request.
  Time since last request: 0.000147 seconds.
  path: Packages/com.unity.2d.animation/Editor/Assets/SkinningModule/Icons/Light/Visibility_Tool.png
  artifactKey: Guid(1e7c59239d2a59140b34f39ea6d4d44c) Importer(815301076,1909f56bfc062723c751e8b465ee728b)
Start importing Packages/com.unity.2d.animation/Editor/Assets/SkinningModule/Icons/Light/Visibility_Tool.png using Guid(1e7c59239d2a59140b34f39ea6d4d44c) Importer(815301076,1909f56bfc062723c751e8b465ee728b)  -> (artifact id: '49855c895014b21dc7814efbb5b9c3bb') in 0.008160 seconds
  Import took 0.011477 seconds .

========================================================================
Received Import Request.
  Time since last request: 0.044116 seconds.
  path: Packages/com.unity.2d.animation/Editor/Assets/SkinningModule/Icons/Selected/Visibility_Tool@2x.png
  artifactKey: Guid(ef9977ed07c438845a52c577f4ffcc3a) Importer(815301076,1909f56bfc062723c751e8b465ee728b)
Start importing Packages/com.unity.2d.animation/Editor/Assets/SkinningModule/Icons/Selected/Visibility_Tool@2x.png using Guid(ef9977ed07c438845a52c577f4ffcc3a) Importer(815301076,1909f56bfc062723c751e8b465ee728b)  -> (artifact id: '13ed0d34c2bb94693f2647585e9ae2e7') in 0.020588 seconds
  Import took 0.024870 seconds .

========================================================================
Received Import Request.
  Time since last request: 0.000152 seconds.
  path: Packages/com.unity.2d.animation/Editor/Assets/SkinningModule/Icons/Light/Visibility_Tool@2x.png
  artifactKey: Guid(45c995b76b893fd4b9e8d3e0f9f6463b) Importer(815301076,1909f56bfc062723c751e8b465ee728b)
Start importing Packages/com.unity.2d.animation/Editor/Assets/SkinningModule/Icons/Light/Visibility_Tool@2x.png using Guid(45c995b76b893fd4b9e8d3e0f9f6463b) Importer(815301076,1909f56bfc062723c751e8b465ee728b)  -> (artifact id: '3224a9cb4cecc0166fc642d634120ab8') in 0.008290 seconds
  Import took 0.011707 seconds .

========================================================================
Received Import Request.
  Time since last request: 0.047390 seconds.
  path: Packages/com.unity.2d.animation/Editor/Assets/SkinningModule/Icons/Light/Visibility_Tool@3x.png
  artifactKey: Guid(ec23e33668eecff4aaec16f735dcc204) Importer(815301076,1909f56bfc062723c751e8b465ee728b)
Start importing Packages/com.unity.2d.animation/Editor/Assets/SkinningModule/Icons/Light/Visibility_Tool@3x.png using Guid(ec23e33668eecff4aaec16f735dcc204) Importer(815301076,1909f56bfc062723c751e8b465ee728b)  -> (artifact id: 'bdc0ec5e55d5751eced8df6a1cfaf8af') in 0.040436 seconds
  Import took 0.045477 seconds .

========================================================================
Received Import Request.
  Time since last request: 0.000167 seconds.
  path: Packages/com.unity.2d.animation/Editor/Assets/SkinningModule/Icons/Selected/Visibility_Tool@3x.png
  artifactKey: Guid(8004118ba4145a74e823fedaa37acf3a) Importer(815301076,1909f56bfc062723c751e8b465ee728b)
Start importing Packages/com.unity.2d.animation/Editor/Assets/SkinningModule/Icons/Selected/Visibility_Tool@3x.png using Guid(8004118ba4145a74e823fedaa37acf3a) Importer(815301076,1909f56bfc062723c751e8b465ee728b)  -> (artifact id: '1b010ec1e848935156ae8010d780f0e1') in 0.018519 seconds
  Import took 0.022235 seconds .

========================================================================
Received Import Request.
  Time since last request: 1.223678 seconds.
  path: Packages/com.unity.2d.animation/Editor/Assets/SkinningModule/Icons/Selected/Visibility_Tool@4x.png
  artifactKey: Guid(f082e69f825d0aa44b687e592731c0a8) Importer(815301076,1909f56bfc062723c751e8b465ee728b)
Start importing Packages/com.unity.2d.animation/Editor/Assets/SkinningModule/Icons/Selected/Visibility_Tool@4x.png using Guid(f082e69f825d0aa44b687e592731c0a8) Importer(815301076,1909f56bfc062723c751e8b465ee728b)  -> (artifact id: 'c3b5565f7324b9fbfbd30bf52afeb3ca') in 0.021223 seconds
  Import took 0.025696 seconds .

========================================================================
Received Import Request.
  Time since last request: 0.000177 seconds.
  path: Packages/com.unity.2d.animation/Editor/Assets/SkinningModule/Icons/Light/Visibility_Tool@4x.png
  artifactKey: Guid(216c53aef79eaaf40a1800cc5e542dc3) Importer(815301076,1909f56bfc062723c751e8b465ee728b)
Start importing Packages/com.unity.2d.animation/Editor/Assets/SkinningModule/Icons/Light/Visibility_Tool@4x.png using Guid(216c53aef79eaaf40a1800cc5e542dc3) Importer(815301076,1909f56bfc062723c751e8b465ee728b)  -> (artifact id: '4ae8c3f2570625de0a635f4e94b5f5b3') in 0.014253 seconds
  Import took 0.018490 seconds .

========================================================================
Received Import Request.
  Time since last request: 0.037605 seconds.
  path: Assets/FungusExamples/TheHunter/Sprites/Waterfall.jpg
  artifactKey: Guid(e54c2166ac91140689c6f04097cab20e) Importer(815301076,1909f56bfc062723c751e8b465ee728b)
Start importing Assets/FungusExamples/TheHunter/Sprites/Waterfall.jpg using Guid(e54c2166ac91140689c6f04097cab20e) Importer(815301076,1909f56bfc062723c751e8b465ee728b)  -> (artifact id: '54a81e5c7bce1c2b756ab24ebeeb174d') in 0.029042 seconds
  Import took 0.033456 seconds .

========================================================================
Received Import Request.
  Time since last request: 0.000154 seconds.
  path: Packages/com.unity.2d.animation/Editor/Assets/SkinningModule/Icons/Light/Weight_Brush.png
  artifactKey: Guid(9d026c034cfd40746a436496efe2dd7f) Importer(815301076,1909f56bfc062723c751e8b465ee728b)
Start importing Packages/com.unity.2d.animation/Editor/Assets/SkinningModule/Icons/Light/Weight_Brush.png using Guid(9d026c034cfd40746a436496efe2dd7f) Importer(815301076,1909f56bfc062723c751e8b465ee728b)  -> (artifact id: 'acceaf12fe2bb0fb6af9e06ae50aafb4') in 0.018361 seconds
  Import took 0.022168 seconds .

========================================================================
Received Import Request.
  Time since last request: 0.000168 seconds.
  path: Assets/FungusExamples/TheHunter/Sprites/WaterfallForest.jpg
  artifactKey: Guid(abf7ee5b818ac485980005a2e5066fb0) Importer(815301076,1909f56bfc062723c751e8b465ee728b)
Start importing Assets/FungusExamples/TheHunter/Sprites/WaterfallForest.jpg using Guid(abf7ee5b818ac485980005a2e5066fb0) Importer(815301076,1909f56bfc062723c751e8b465ee728b)  -> (artifact id: '83c01627a617e3079ff81dcfe88e238c') in 0.043398 seconds
  Import took 0.047537 seconds .

========================================================================
Received Import Request.
  Time since last request: 0.000155 seconds.
  path: Packages/com.unity.2d.animation/Editor/Assets/SkinningModule/Icons/Selected/Weight_Brush.png
  artifactKey: Guid(bf734b7184825b040837040cb93a8dc7) Importer(815301076,1909f56bfc062723c751e8b465ee728b)
Start importing Packages/com.unity.2d.animation/Editor/Assets/SkinningModule/Icons/Selected/Weight_Brush.png using Guid(bf734b7184825b040837040cb93a8dc7) Importer(815301076,1909f56bfc062723c751e8b465ee728b)  -> (artifact id: '89a52683d6f2b708e571e3753526df96') in 0.023626 seconds
  Import took 0.027442 seconds .

========================================================================
Received Import Request.
  Time since last request: 0.540621 seconds.
  path: Packages/com.unity.2d.animation/Editor/Assets/SkinningModule/Icons/Light/Weight_Brush@2x.png
  artifactKey: Guid(17d3bf7425a0748489ce3633e38652db) Importer(815301076,1909f56bfc062723c751e8b465ee728b)
Start importing Packages/com.unity.2d.animation/Editor/Assets/SkinningModule/Icons/Light/Weight_Brush@2x.png using Guid(17d3bf7425a0748489ce3633e38652db) Importer(815301076,1909f56bfc062723c751e8b465ee728b)  -> (artifact id: '86213779a1730c47ea58d3c14ba9d5b1') in 0.013905 seconds
  Import took 0.018032 seconds .

========================================================================
Received Import Request.
  Time since last request: 0.000160 seconds.
  path: Packages/com.unity.2d.animation/Editor/Assets/SkinningModule/Icons/Selected/Weight_Brush@2x.png
  artifactKey: Guid(bb668641abe10a64891e26613cf530ee) Importer(815301076,1909f56bfc062723c751e8b465ee728b)
Start importing Packages/com.unity.2d.animation/Editor/Assets/SkinningModule/Icons/Selected/Weight_Brush@2x.png using Guid(bb668641abe10a64891e26613cf530ee) Importer(815301076,1909f56bfc062723c751e8b465ee728b)  -> (artifact id: '93c9ccd78fb5da973a681fdba384701f') in 0.016155 seconds
  Import took 0.019950 seconds .

========================================================================
Received Import Request.
  Time since last request: 0.243559 seconds.
  path: Packages/com.unity.2d.animation/Editor/Assets/SkinningModule/Icons/Selected/Weight_Brush@3x.png
  artifactKey: Guid(3e6e6fbbd946d0541923f45f4eaa2cf1) Importer(815301076,1909f56bfc062723c751e8b465ee728b)
Start importing Packages/com.unity.2d.animation/Editor/Assets/SkinningModule/Icons/Selected/Weight_Brush@3x.png using Guid(3e6e6fbbd946d0541923f45f4eaa2cf1) Importer(815301076,1909f56bfc062723c751e8b465ee728b)  -> (artifact id: '524da22e6d3aeeb185d94d27cfa5746e') in 0.018877 seconds
  Import took 0.022976 seconds .

========================================================================
Received Import Request.
  Time since last request: 0.000158 seconds.
  path: Packages/com.unity.2d.animation/Editor/Assets/SkinningModule/Icons/Light/Weight_Brush@3x.png
  artifactKey: Guid(3279d541bf75c624cbdd7179eb5559a8) Importer(815301076,1909f56bfc062723c751e8b465ee728b)
Start importing Packages/com.unity.2d.animation/Editor/Assets/SkinningModule/Icons/Light/Weight_Brush@3x.png using Guid(3279d541bf75c624cbdd7179eb5559a8) Importer(815301076,1909f56bfc062723c751e8b465ee728b)  -> (artifact id: 'e4d8121fd6d1cbf071f05546e90e5e47') in 0.010261 seconds
  Import took 0.013854 seconds .

========================================================================
Received Import Request.
  Time since last request: 0.084355 seconds.
  path: Packages/com.unity.2d.animation/Editor/Assets/SkinningModule/Icons/Selected/Weight_Brush@4x.png
  artifactKey: Guid(48464cd53bb3c604f999e7d3f15e8d09) Importer(815301076,1909f56bfc062723c751e8b465ee728b)
Start importing Packages/com.unity.2d.animation/Editor/Assets/SkinningModule/Icons/Selected/Weight_Brush@4x.png using Guid(48464cd53bb3c604f999e7d3f15e8d09) Importer(815301076,1909f56bfc062723c751e8b465ee728b)  -> (artifact id: '97114a90469af74771250d87e0dc8dcb') in 0.025003 seconds
  Import took 0.029075 seconds .

========================================================================
Received Import Request.
  Time since last request: 0.000161 seconds.
  path: Packages/com.unity.2d.animation/Editor/Assets/SkinningModule/Icons/Light/Weight_Brush@4x.png
  artifactKey: Guid(3dd5e5c693a816e4f96b869f6465955b) Importer(815301076,1909f56bfc062723c751e8b465ee728b)
Start importing Packages/com.unity.2d.animation/Editor/Assets/SkinningModule/Icons/Light/Weight_Brush@4x.png using Guid(3dd5e5c693a816e4f96b869f6465955b) Importer(815301076,1909f56bfc062723c751e8b465ee728b)  -> (artifact id: '4553b4b1568c0ceef8cccf44d2b93ded') in 0.024917 seconds
  Import took 0.029310 seconds .

========================================================================
Received Import Request.
  Time since last request: 0.449675 seconds.
  path: Packages/com.unity.2d.animation/Editor/Assets/SkinningModule/Icons/Light/Weight_Slider.png
  artifactKey: Guid(aa91af43c72989f44bf937fd28243bc7) Importer(815301076,1909f56bfc062723c751e8b465ee728b)
Start importing Packages/com.unity.2d.animation/Editor/Assets/SkinningModule/Icons/Light/Weight_Slider.png using Guid(aa91af43c72989f44bf937fd28243bc7) Importer(815301076,1909f56bfc062723c751e8b465ee728b)  -> (artifact id: '7b526eee91dd94b4ce0a0e860c1cc33e') in 0.008867 seconds
  Import took 0.013021 seconds .

========================================================================
Received Import Request.
  Time since last request: 0.000150 seconds.
  path: Packages/com.unity.2d.animation/Editor/Assets/SkinningModule/Icons/Selected/Weight_Slider.png
  artifactKey: Guid(96b029a4248c85a4e8de2aa81fc0b60a) Importer(815301076,1909f56bfc062723c751e8b465ee728b)
Start importing Packages/com.unity.2d.animation/Editor/Assets/SkinningModule/Icons/Selected/Weight_Slider.png using Guid(96b029a4248c85a4e8de2aa81fc0b60a) Importer(815301076,1909f56bfc062723c751e8b465ee728b)  -> (artifact id: 'd6770cc5a895d835ca0274ec7b9f5bf9') in 0.008122 seconds
  Import took 0.011566 seconds .

========================================================================
Received Import Request.
  Time since last request: 0.041831 seconds.
  path: Packages/com.unity.2d.animation/Editor/Assets/SkinningModule/Icons/Light/Weight_Slider@2x.png
  artifactKey: Guid(6306a4776b130304bba7a139fc1d2bb8) Importer(815301076,1909f56bfc062723c751e8b465ee728b)
Start importing Packages/com.unity.2d.animation/Editor/Assets/SkinningModule/Icons/Light/Weight_Slider@2x.png using Guid(6306a4776b130304bba7a139fc1d2bb8) Importer(815301076,1909f56bfc062723c751e8b465ee728b)  -> (artifact id: '46a20530b46ef7f935128124cee65523') in 0.016922 seconds
  Import took 0.021400 seconds .

========================================================================
Received Import Request.
  Time since last request: 0.000191 seconds.
  path: Packages/com.unity.2d.animation/Editor/Assets/SkinningModule/Icons/Selected/Weight_Slider@2x.png
  artifactKey: Guid(7f64a6e091143c0458506b559165cf72) Importer(815301076,1909f56bfc062723c751e8b465ee728b)
Start importing Packages/com.unity.2d.animation/Editor/Assets/SkinningModule/Icons/Selected/Weight_Slider@2x.png using Guid(7f64a6e091143c0458506b559165cf72) Importer(815301076,1909f56bfc062723c751e8b465ee728b)  -> (artifact id: '6530bce2947a7029c2662d7757715549') in 0.008543 seconds
  Import took 0.012204 seconds .

========================================================================
Received Import Request.
  Time since last request: 0.029257 seconds.
  path: Packages/com.unity.2d.animation/Editor/Assets/SkinningModule/Icons/Selected/Weight_Slider@3x.png
  artifactKey: Guid(af73899d5803d99448134360f184f348) Importer(815301076,1909f56bfc062723c751e8b465ee728b)
Start importing Packages/com.unity.2d.animation/Editor/Assets/SkinningModule/Icons/Selected/Weight_Slider@3x.png using Guid(af73899d5803d99448134360f184f348) Importer(815301076,1909f56bfc062723c751e8b465ee728b)  -> (artifact id: '79aacce2edb286fa792db6d841ef84c2') in 0.007560 seconds
  Import took 0.010817 seconds .

========================================================================
Received Import Request.
  Time since last request: 0.000116 seconds.
  path: Packages/com.unity.2d.animation/Editor/Assets/SkinningModule/Icons/Light/Weight_Slider@3x.png
  artifactKey: Guid(ec8214d7d416a8746bb342b71e8e4269) Importer(815301076,1909f56bfc062723c751e8b465ee728b)
Start importing Packages/com.unity.2d.animation/Editor/Assets/SkinningModule/Icons/Light/Weight_Slider@3x.png using Guid(ec8214d7d416a8746bb342b71e8e4269) Importer(815301076,1909f56bfc062723c751e8b465ee728b)  -> (artifact id: '90025c23d3ee165bdf6761aa22da4dd0') in 0.011743 seconds
  Import took 0.014785 seconds .

========================================================================
Received Import Request.
  Time since last request: 0.045370 seconds.
  path: Packages/com.unity.2d.animation/Editor/Assets/SkinningModule/Icons/Selected/Weight_Slider@4x.png
  artifactKey: Guid(ac47ed8ccc79cf04dae198b9cc5b3a6f) Importer(815301076,1909f56bfc062723c751e8b465ee728b)
Start importing Packages/com.unity.2d.animation/Editor/Assets/SkinningModule/Icons/Selected/Weight_Slider@4x.png using Guid(ac47ed8ccc79cf04dae198b9cc5b3a6f) Importer(815301076,1909f56bfc062723c751e8b465ee728b)  -> (artifact id: 'f2924642b0140a3e427cbbfb743eec2c') in 0.009599 seconds
  Import took 0.014870 seconds .

========================================================================
Received Import Request.
  Time since last request: 0.000158 seconds.
  path: Packages/com.unity.2d.animation/Editor/Assets/SkinningModule/Icons/Light/Weight_Slider@4x.png
  artifactKey: Guid(4e494ad3b858ecf4fab63aae9075d43d) Importer(815301076,1909f56bfc062723c751e8b465ee728b)
Start importing Packages/com.unity.2d.animation/Editor/Assets/SkinningModule/Icons/Light/Weight_Slider@4x.png using Guid(4e494ad3b858ecf4fab63aae9075d43d) Importer(815301076,1909f56bfc062723c751e8b465ee728b)  -> (artifact id: 'c255232078bb37086f37ca72777c5848') in 0.008112 seconds
  Import took 0.011541 seconds .

========================================================================
Received Import Request.
  Time since last request: 0.385849 seconds.
  path: Assets/FungusExamples/Sherlock/Portraits/John/worried.png
  artifactKey: Guid(9ce6cf540ce2ece4dacce467ace3bca4) Importer(815301076,1909f56bfc062723c751e8b465ee728b)
Start importing Assets/FungusExamples/Sherlock/Portraits/John/worried.png using Guid(9ce6cf540ce2ece4dacce467ace3bca4) Importer(815301076,1909f56bfc062723c751e8b465ee728b)  -> (artifact id: 'c7edb61ac730aad3a52c745a90a7496f') in 0.013722 seconds
  Import took 0.017736 seconds .

========================================================================
Received Prepare
Registering precompiled user dll's ...
Registered in 0.000895 seconds.
Begin MonoManager ReloadAssembly
Native extension for WindowsStandalone target not found
Native extension for OSXStandalone target not found
Native extension for WebGL target not found
Refreshing native plugins compatible for Editor in 0.50 ms, found 1 plugins.
Preloading 0 native plugins for Editor in 0.00 ms.
Mono: successfully reloaded assembly
- Completed reload, in  0.623 seconds
Platform modules already initialized, skipping
Refreshing native plugins compatible for Editor in 0.61 ms, found 1 plugins.
Preloading 0 native plugins for Editor in 0.00 ms.
Unloading 2540 Unused Serialized files (Serialized files now loaded: 0)
System memory in use before: 109.6 MB.
System memory in use after: 109.7 MB.

Unloading 12 unused Assets to reduce memory usage. Loaded Objects now: 3051.
Total: 2.116500 ms (FindLiveObjects: 0.256600 ms CreateObjectMapping: 0.105300 ms MarkObjects: 1.650600 ms  DeleteObjects: 0.103200 ms)

========================================================================
Received Prepare
Registering precompiled user dll's ...
Registered in 0.000935 seconds.
Begin MonoManager ReloadAssembly
Native extension for WindowsStandalone target not found
Native extension for OSXStandalone target not found
Native extension for WebGL target not found
Refreshing native plugins compatible for Editor in 0.48 ms, found 1 plugins.
Preloading 0 native plugins for Editor in 0.00 ms.
Mono: successfully reloaded assembly
- Completed reload, in  0.656 seconds
Platform modules already initialized, skipping
Refreshing native plugins compatible for Editor in 0.59 ms, found 1 plugins.
Preloading 0 native plugins for Editor in 0.00 ms.
Unloading 2540 Unused Serialized files (Serialized files now loaded: 0)
System memory in use before: 109.7 MB.
System memory in use after: 109.7 MB.

Unloading 12 unused Assets to reduce memory usage. Loaded Objects now: 3055.
Total: 1.997200 ms (FindLiveObjects: 0.236500 ms CreateObjectMapping: 0.091700 ms MarkObjects: 1.566000 ms  DeleteObjects: 0.102100 ms)

========================================================================
Received Prepare
Registering precompiled user dll's ...
Registered in 0.000795 seconds.
Begin MonoManager ReloadAssembly
Native extension for WindowsStandalone target not found
Native extension for OSXStandalone target not found
Native extension for WebGL target not found
Refreshing native plugins compatible for Editor in 0.57 ms, found 1 plugins.
Preloading 0 native plugins for Editor in 0.00 ms.
Mono: successfully reloaded assembly
- Completed reload, in  0.635 seconds
Platform modules already initialized, skipping
Refreshing native plugins compatible for Editor in 0.48 ms, found 1 plugins.
Preloading 0 native plugins for Editor in 0.00 ms.
Unloading 2540 Unused Serialized files (Serialized files now loaded: 0)
System memory in use before: 109.7 MB.
System memory in use after: 109.7 MB.

Unloading 12 unused Assets to reduce memory usage. Loaded Objects now: 3059.
Total: 2.108700 ms (FindLiveObjects: 0.255000 ms CreateObjectMapping: 0.113100 ms MarkObjects: 1.646900 ms  DeleteObjects: 0.092400 ms)

========================================================================
Received Prepare
Registering precompiled user dll's ...
Registered in 0.001337 seconds.
Begin MonoManager ReloadAssembly
Native extension for WindowsStandalone target not found
Native extension for OSXStandalone target not found
Native extension for WebGL target not found
Refreshing native plugins compatible for Editor in 0.49 ms, found 1 plugins.
Preloading 0 native plugins for Editor in 0.00 ms.
Mono: successfully reloaded assembly
- Completed reload, in  0.768 seconds
Platform modules already initialized, skipping
Refreshing native plugins compatible for Editor in 0.49 ms, found 1 plugins.
Preloading 0 native plugins for Editor in 0.00 ms.
Unloading 2540 Unused Serialized files (Serialized files now loaded: 0)
System memory in use before: 109.7 MB.
System memory in use after: 109.8 MB.

Unloading 12 unused Assets to reduce memory usage. Loaded Objects now: 3063.
Total: 2.481400 ms (FindLiveObjects: 0.287200 ms CreateObjectMapping: 0.116700 ms MarkObjects: 1.968500 ms  DeleteObjects: 0.108100 ms)

========================================================================
Received Import Request.
  Time since last request: 768.355003 seconds.
  path: Assets/Dream.jfif
  artifactKey: Guid(e1e42bf4b77ad524ea7b62760dcbdde5) Importer(815301076,1909f56bfc062723c751e8b465ee728b)
Start importing Assets/Dream.jfif using Guid(e1e42bf4b77ad524ea7b62760dcbdde5) Importer(815301076,1909f56bfc062723c751e8b465ee728b)  -> (artifact id: 'd2d3e535b245330d90b95217fcad7875') in 0.023141 seconds
  Import took 0.030948 seconds .

========================================================================
Received Import Request.
  Time since last request: 34.882788 seconds.
  path: Assets/Dream.jpeg
  artifactKey: Guid(78b32a9d8c1ac3248ba49650bf2f6240) Importer(815301076,1909f56bfc062723c751e8b465ee728b)
Start importing Assets/Dream.jpeg using Guid(78b32a9d8c1ac3248ba49650bf2f6240) Importer(815301076,1909f56bfc062723c751e8b465ee728b)  -> (artifact id: 'a3fdc744c20053eebefcc6abfc696cd2') in 0.043315 seconds
  Import took 0.060604 seconds .

========================================================================
Received Prepare
Registering precompiled user dll's ...
Registered in 0.000894 seconds.
Begin MonoManager ReloadAssembly
Native extension for WindowsStandalone target not found
Native extension for OSXStandalone target not found
Native extension for WebGL target not found
Refreshing native plugins compatible for Editor in 0.46 ms, found 1 plugins.
Preloading 0 native plugins for Editor in 0.00 ms.
Mono: successfully reloaded assembly
- Completed reload, in  0.611 seconds
Platform modules already initialized, skipping
Refreshing native plugins compatible for Editor in 0.55 ms, found 1 plugins.
Preloading 0 native plugins for Editor in 0.00 ms.
Unloading 2540 Unused Serialized files (Serialized files now loaded: 0)
System memory in use before: 109.7 MB.
System memory in use after: 109.8 MB.

Unloading 12 unused Assets to reduce memory usage. Loaded Objects now: 3070.
Total: 2.190000 ms (FindLiveObjects: 0.273800 ms CreateObjectMapping: 0.120000 ms MarkObjects: 1.696200 ms  DeleteObjects: 0.099400 ms)

========================================================================
Received Prepare
Registering precompiled user dll's ...
Registered in 0.001153 seconds.
Begin MonoManager ReloadAssembly
Native extension for WindowsStandalone target not found
Native extension for OSXStandalone target not found
Native extension for WebGL target not found
Refreshing native plugins compatible for Editor in 0.94 ms, found 1 plugins.
Preloading 0 native plugins for Editor in 0.00 ms.
Mono: successfully reloaded assembly
- Completed reload, in  0.752 seconds
Platform modules already initialized, skipping
Refreshing native plugins compatible for Editor in 0.48 ms, found 1 plugins.
Preloading 0 native plugins for Editor in 0.00 ms.
Unloading 2540 Unused Serialized files (Serialized files now loaded: 0)
System memory in use before: 109.7 MB.
System memory in use after: 109.8 MB.

Unloading 12 unused Assets to reduce memory usage. Loaded Objects now: 3074.
Total: 2.014600 ms (FindLiveObjects: 0.265300 ms CreateObjectMapping: 0.101300 ms MarkObjects: 1.540600 ms  DeleteObjects: 0.106600 ms)

========================================================================
Received Prepare
Registering precompiled user dll's ...
Registered in 0.000879 seconds.
Begin MonoManager ReloadAssembly
Native extension for WindowsStandalone target not found
Native extension for OSXStandalone target not found
Native extension for WebGL target not found
Refreshing native plugins compatible for Editor in 0.59 ms, found 1 plugins.
Preloading 0 native plugins for Editor in 0.00 ms.
Mono: successfully reloaded assembly
- Completed reload, in  0.810 seconds
Platform modules already initialized, skipping
Refreshing native plugins compatible for Editor in 0.64 ms, found 1 plugins.
Preloading 0 native plugins for Editor in 0.00 ms.
Unloading 2540 Unused Serialized files (Serialized files now loaded: 0)
System memory in use before: 109.7 MB.
System memory in use after: 109.8 MB.

Unloading 12 unused Assets to reduce memory usage. Loaded Objects now: 3078.
Total: 2.530400 ms (FindLiveObjects: 0.438000 ms CreateObjectMapping: 0.181100 ms MarkObjects: 1.803200 ms  DeleteObjects: 0.107300 ms)

========================================================================
Received Prepare
Registering precompiled user dll's ...
Registered in 0.000895 seconds.
Begin MonoManager ReloadAssembly
Native extension for WindowsStandalone target not found
Native extension for OSXStandalone target not found
Native extension for WebGL target not found
Refreshing native plugins compatible for Editor in 0.48 ms, found 1 plugins.
Preloading 0 native plugins for Editor in 0.00 ms.
Mono: successfully reloaded assembly
- Completed reload, in  0.690 seconds
Platform modules already initialized, skipping
Refreshing native plugins compatible for Editor in 0.43 ms, found 1 plugins.
Preloading 0 native plugins for Editor in 0.00 ms.
Unloading 2540 Unused Serialized files (Serialized files now loaded: 0)
System memory in use before: 109.7 MB.
System memory in use after: 109.8 MB.

Unloading 12 unused Assets to reduce memory usage. Loaded Objects now: 3082.
Total: 1.995800 ms (FindLiveObjects: 0.242500 ms CreateObjectMapping: 0.100300 ms MarkObjects: 1.576300 ms  DeleteObjects: 0.075800 ms)

========================================================================
Received Prepare
Registering precompiled user dll's ...
Registered in 0.001122 seconds.
Begin MonoManager ReloadAssembly
Native extension for WindowsStandalone target not found
Native extension for OSXStandalone target not found
Native extension for WebGL target not found
Refreshing native plugins compatible for Editor in 0.49 ms, found 1 plugins.
Preloading 0 native plugins for Editor in 0.00 ms.
Mono: successfully reloaded assembly
- Completed reload, in  0.644 seconds
Platform modules already initialized, skipping
Refreshing native plugins compatible for Editor in 0.81 ms, found 1 plugins.
Preloading 0 native plugins for Editor in 0.00 ms.
Unloading 2540 Unused Serialized files (Serialized files now loaded: 0)
System memory in use before: 109.7 MB.
System memory in use after: 109.8 MB.

Unloading 12 unused Assets to reduce memory usage. Loaded Objects now: 3086.
Total: 2.176600 ms (FindLiveObjects: 0.286300 ms CreateObjectMapping: 0.057300 ms MarkObjects: 1.730700 ms  DeleteObjects: 0.101300 ms)

========================================================================
Received Import Request.
  Time since last request: 4589.715583 seconds.
  path: Assets/Dream 1.jpeg
  artifactKey: Guid(1f05a32683b7ef541942282c7c13d219) Importer(815301076,1909f56bfc062723c751e8b465ee728b)
Start importing Assets/Dream 1.jpeg using Guid(1f05a32683b7ef541942282c7c13d219) Importer(815301076,1909f56bfc062723c751e8b465ee728b)  -> (artifact id: '415b157164b941e5edb9aa980656a2fd') in 0.059291 seconds
  Import took 0.064824 seconds .

========================================================================
Received Prepare
Registering precompiled user dll's ...
Registered in 0.000869 seconds.
Begin MonoManager ReloadAssembly
Native extension for WindowsStandalone target not found
Native extension for OSXStandalone target not found
Native extension for WebGL target not found
Refreshing native plugins compatible for Editor in 0.47 ms, found 1 plugins.
Preloading 0 native plugins for Editor in 0.00 ms.
Mono: successfully reloaded assembly
- Completed reload, in  0.680 seconds
Platform modules already initialized, skipping
Refreshing native plugins compatible for Editor in 0.45 ms, found 1 plugins.
Preloading 0 native plugins for Editor in 0.00 ms.
Unloading 2540 Unused Serialized files (Serialized files now loaded: 0)
System memory in use before: 109.7 MB.
System memory in use after: 109.8 MB.

Unloading 12 unused Assets to reduce memory usage. Loaded Objects now: 3091.
Total: 2.169200 ms (FindLiveObjects: 0.262400 ms CreateObjectMapping: 0.114600 ms MarkObjects: 1.705300 ms  DeleteObjects: 0.086200 ms)

AssetImportWorkerClient::OnTransportError - code=2 error=End of file
